<?xml version="1.0" encoding="UTF-8"?>
<testng-results ignored="0" total="1" passed="1" failed="0" skipped="0">
  <reporter-output>
  </reporter-output>
  <suite started-at="2022-01-18T11:51:37Z" name="Default suite" finished-at="2022-01-18T11:51:41Z" duration-ms="4199">
    <groups>
    </groups>
    <test started-at="2022-01-18T11:51:37Z" name="Default test" finished-at="2022-01-18T11:51:41Z" duration-ms="4199">
      <class name="com.sddevops.selenium_maven.eclipse.NewTest">
        <test-method is-config="true" signature="beforeTest()[pri:0, instance:com.sddevops.selenium_maven.eclipse.NewTest@ae3540e]" started-at="2022-01-18T11:51:37Z" name="beforeTest" finished-at="2022-01-18T11:51:37Z" duration-ms="13" status="PASS">
          <reporter-output>
          </reporter-output>
        </test-method> <!-- beforeTest -->
        <test-method signature="main()[pri:0, instance:com.sddevops.selenium_maven.eclipse.NewTest@ae3540e]" started-at="2022-01-18T11:51:37Z" name="main" finished-at="2022-01-18T11:51:41Z" duration-ms="4129" status="PASS">
          <reporter-output>
          </reporter-output>
        </test-method> <!-- main -->
        <test-method is-config="true" signature="afterTest()[pri:0, instance:com.sddevops.selenium_maven.eclipse.NewTest@ae3540e]" started-at="2022-01-18T11:51:41Z" name="afterTest" finished-at="2022-01-18T11:51:41Z" duration-ms="3" status="PASS">
          <reporter-output>
          </reporter-output>
        </test-method> <!-- afterTest -->
      </class> <!-- com.sddevops.selenium_maven.eclipse.NewTest -->
    </test> <!-- Default test -->
  </suite> <!-- Default suite -->
</testng-results>
